<?xml version="1.0" encoding="UTF-8"?>
<testsuite xmlns:xsi="http://www.w3.org/2001/XMLSchema-instance" xsi:noNamespaceSchemaLocation="https://maven.apache.org/surefire/maven-surefire-plugin/xsd/surefire-test-report-3.0.xsd" version="3.0" name="com.bansikah.quizapp.QuestionDAOTest" time="12.431" tests="4" errors="0" skipped="0" failures="0">
  <properties>
    <property name="java.specification.version" value="21"/>
    <property name="sun.jnu.encoding" value="UTF-8"/>
    <property name="java.class.path" value="/Users/studentaccount/Desktop/praticeProjects/learning/spring-boot/quiz-app-spring-boot/target/test-classes:/Users/studentaccount/Desktop/praticeProjects/learning/spring-boot/quiz-app-spring-boot/target/classes:/Users/studentaccount/.m2/repository/org/springframework/boot/spring-boot-starter-data-jpa/3.2.4/spring-boot-starter-data-jpa-3.2.4.jar:/Users/studentaccount/.m2/repository/org/springframework/boot/spring-boot-starter-aop/3.2.4/spring-boot-starter-aop-3.2.4.jar:/Users/studentaccount/.m2/repository/org/springframework/spring-aop/6.1.5/spring-aop-6.1.5.jar:/Users/studentaccount/.m2/repository/org/aspectj/aspectjweaver/1.9.21/aspectjweaver-1.9.21.jar:/Users/studentaccount/.m2/repository/org/springframework/boot/spring-boot-starter-jdbc/3.2.4/spring-boot-starter-jdbc-3.2.4.jar:/Users/studentaccount/.m2/repository/com/zaxxer/HikariCP/5.0.1/HikariCP-5.0.1.jar:/Users/studentaccount/.m2/repository/org/springframework/spring-jdbc/6.1.5/spring-jdbc-6.1.5.jar:/Users/studentaccount/.m2/repository/org/hibernate/orm/hibernate-core/6.4.4.Final/hibernate-core-6.4.4.Final.jar:/Users/studentaccount/.m2/repository/jakarta/persistence/jakarta.persistence-api/3.1.0/jakarta.persistence-api-3.1.0.jar:/Users/studentaccount/.m2/repository/jakarta/transaction/jakarta.transaction-api/2.0.1/jakarta.transaction-api-2.0.1.jar:/Users/studentaccount/.m2/repository/org/jboss/logging/jboss-logging/3.5.3.Final/jboss-logging-3.5.3.Final.jar:/Users/studentaccount/.m2/repository/org/hibernate/common/hibernate-commons-annotations/6.0.6.Final/hibernate-commons-annotations-6.0.6.Final.jar:/Users/studentaccount/.m2/repository/io/smallrye/jandex/3.1.2/jandex-3.1.2.jar:/Users/studentaccount/.m2/repository/com/fasterxml/classmate/1.6.0/classmate-1.6.0.jar:/Users/studentaccount/.m2/repository/net/bytebuddy/byte-buddy/1.14.12/byte-buddy-1.14.12.jar:/Users/studentaccount/.m2/repository/org/glassfish/jaxb/jaxb-runtime/4.0.5/jaxb-runtime-4.0.5.jar:/Users/studentaccount/.m2/repository/org/glassfish/jaxb/jaxb-core/4.0.5/jaxb-core-4.0.5.jar:/Users/studentaccount/.m2/repository/org/eclipse/angus/angus-activation/2.0.2/angus-activation-2.0.2.jar:/Users/studentaccount/.m2/repository/org/glassfish/jaxb/txw2/4.0.5/txw2-4.0.5.jar:/Users/studentaccount/.m2/repository/com/sun/istack/istack-commons-runtime/4.1.2/istack-commons-runtime-4.1.2.jar:/Users/studentaccount/.m2/repository/jakarta/inject/jakarta.inject-api/2.0.1/jakarta.inject-api-2.0.1.jar:/Users/studentaccount/.m2/repository/org/antlr/antlr4-runtime/4.13.0/antlr4-runtime-4.13.0.jar:/Users/studentaccount/.m2/repository/org/springframework/data/spring-data-jpa/3.2.4/spring-data-jpa-3.2.4.jar:/Users/studentaccount/.m2/repository/org/springframework/data/spring-data-commons/3.2.4/spring-data-commons-3.2.4.jar:/Users/studentaccount/.m2/repository/org/springframework/spring-orm/6.1.5/spring-orm-6.1.5.jar:/Users/studentaccount/.m2/repository/org/springframework/spring-context/6.1.5/spring-context-6.1.5.jar:/Users/studentaccount/.m2/repository/org/springframework/spring-tx/6.1.5/spring-tx-6.1.5.jar:/Users/studentaccount/.m2/repository/org/springframework/spring-beans/6.1.5/spring-beans-6.1.5.jar:/Users/studentaccount/.m2/repository/jakarta/annotation/jakarta.annotation-api/2.1.1/jakarta.annotation-api-2.1.1.jar:/Users/studentaccount/.m2/repository/org/slf4j/slf4j-api/2.0.12/slf4j-api-2.0.12.jar:/Users/studentaccount/.m2/repository/org/springframework/spring-aspects/6.1.5/spring-aspects-6.1.5.jar:/Users/studentaccount/.m2/repository/org/springframework/boot/spring-boot-starter-web/3.2.4/spring-boot-starter-web-3.2.4.jar:/Users/studentaccount/.m2/repository/org/springframework/boot/spring-boot-starter/3.2.4/spring-boot-starter-3.2.4.jar:/Users/studentaccount/.m2/repository/org/springframework/boot/spring-boot/3.2.4/spring-boot-3.2.4.jar:/Users/studentaccount/.m2/repository/org/springframework/boot/spring-boot-autoconfigure/3.2.4/spring-boot-autoconfigure-3.2.4.jar:/Users/studentaccount/.m2/repository/org/springframework/boot/spring-boot-starter-logging/3.2.4/spring-boot-starter-logging-3.2.4.jar:/Users/studentaccount/.m2/repository/ch/qos/logback/logback-classic/1.4.14/logback-classic-1.4.14.jar:/Users/studentaccount/.m2/repository/ch/qos/logback/logback-core/1.4.14/logback-core-1.4.14.jar:/Users/studentaccount/.m2/repository/org/apache/logging/log4j/log4j-to-slf4j/2.21.1/log4j-to-slf4j-2.21.1.jar:/Users/studentaccount/.m2/repository/org/apache/logging/log4j/log4j-api/2.21.1/log4j-api-2.21.1.jar:/Users/studentaccount/.m2/repository/org/slf4j/jul-to-slf4j/2.0.12/jul-to-slf4j-2.0.12.jar:/Users/studentaccount/.m2/repository/org/springframework/boot/spring-boot-starter-json/3.2.4/spring-boot-starter-json-3.2.4.jar:/Users/studentaccount/.m2/repository/com/fasterxml/jackson/core/jackson-databind/2.15.4/jackson-databind-2.15.4.jar:/Users/studentaccount/.m2/repository/com/fasterxml/jackson/core/jackson-annotations/2.15.4/jackson-annotations-2.15.4.jar:/Users/studentaccount/.m2/repository/com/fasterxml/jackson/core/jackson-core/2.15.4/jackson-core-2.15.4.jar:/Users/studentaccount/.m2/repository/com/fasterxml/jackson/datatype/jackson-datatype-jdk8/2.15.4/jackson-datatype-jdk8-2.15.4.jar:/Users/studentaccount/.m2/repository/com/fasterxml/jackson/datatype/jackson-datatype-jsr310/2.15.4/jackson-datatype-jsr310-2.15.4.jar:/Users/studentaccount/.m2/repository/com/fasterxml/jackson/module/jackson-module-parameter-names/2.15.4/jackson-module-parameter-names-2.15.4.jar:/Users/studentaccount/.m2/repository/org/springframework/boot/spring-boot-starter-tomcat/3.2.4/spring-boot-starter-tomcat-3.2.4.jar:/Users/studentaccount/.m2/repository/org/apache/tomcat/embed/tomcat-embed-core/10.1.19/tomcat-embed-core-10.1.19.jar:/Users/studentaccount/.m2/repository/org/apache/tomcat/embed/tomcat-embed-el/10.1.19/tomcat-embed-el-10.1.19.jar:/Users/studentaccount/.m2/repository/org/apache/tomcat/embed/tomcat-embed-websocket/10.1.19/tomcat-embed-websocket-10.1.19.jar:/Users/studentaccount/.m2/repository/org/springframework/spring-web/6.1.5/spring-web-6.1.5.jar:/Users/studentaccount/.m2/repository/io/micrometer/micrometer-observation/1.12.4/micrometer-observation-1.12.4.jar:/Users/studentaccount/.m2/repository/io/micrometer/micrometer-commons/1.12.4/micrometer-commons-1.12.4.jar:/Users/studentaccount/.m2/repository/org/springframework/spring-webmvc/6.1.5/spring-webmvc-6.1.5.jar:/Users/studentaccount/.m2/repository/org/springframework/spring-expression/6.1.5/spring-expression-6.1.5.jar:/Users/studentaccount/.m2/repository/org/liquibase/liquibase-core/4.24.0/liquibase-core-4.24.0.jar:/Users/studentaccount/.m2/repository/com/opencsv/opencsv/5.8/opencsv-5.8.jar:/Users/studentaccount/.m2/repository/org/apache/commons/commons-lang3/3.13.0/commons-lang3-3.13.0.jar:/Users/studentaccount/.m2/repository/org/apache/commons/commons-text/1.10.0/commons-text-1.10.0.jar:/Users/studentaccount/.m2/repository/org/apache/commons/commons-collections4/4.4/commons-collections4-4.4.jar:/Users/studentaccount/.m2/repository/org/yaml/snakeyaml/2.2/snakeyaml-2.2.jar:/Users/studentaccount/.m2/repository/javax/xml/bind/jaxb-api/2.3.1/jaxb-api-2.3.1.jar:/Users/studentaccount/.m2/repository/com/h2database/h2/2.2.224/h2-2.2.224.jar:/Users/studentaccount/.m2/repository/org/springframework/boot/spring-boot-starter-oauth2-client/2.3.3.RELEASE/spring-boot-starter-oauth2-client-2.3.3.RELEASE.jar:/Users/studentaccount/.m2/repository/com/sun/mail/jakarta.mail/1.6.5/jakarta.mail-1.6.5.jar:/Users/studentaccount/.m2/repository/com/sun/activation/jakarta.activation/1.2.1/jakarta.activation-1.2.1.jar:/Users/studentaccount/.m2/repository/org/springframework/security/spring-security-config/6.2.3/spring-security-config-6.2.3.jar:/Users/studentaccount/.m2/repository/org/springframework/security/spring-security-core/6.2.3/spring-security-core-6.2.3.jar:/Users/studentaccount/.m2/repository/org/springframework/security/spring-security-crypto/6.2.3/spring-security-crypto-6.2.3.jar:/Users/studentaccount/.m2/repository/org/springframework/security/spring-security-oauth2-client/6.2.3/spring-security-oauth2-client-6.2.3.jar:/Users/studentaccount/.m2/repository/org/springframework/security/spring-security-oauth2-core/6.2.3/spring-security-oauth2-core-6.2.3.jar:/Users/studentaccount/.m2/repository/org/springframework/security/spring-security-web/6.2.3/spring-security-web-6.2.3.jar:/Users/studentaccount/.m2/repository/com/nimbusds/oauth2-oidc-sdk/9.43.3/oauth2-oidc-sdk-9.43.3.jar:/Users/studentaccount/.m2/repository/com/github/stephenc/jcip/jcip-annotations/1.0-1/jcip-annotations-1.0-1.jar:/Users/studentaccount/.m2/repository/com/nimbusds/content-type/2.2/content-type-2.2.jar:/Users/studentaccount/.m2/repository/com/nimbusds/lang-tag/1.7/lang-tag-1.7.jar:/Users/studentaccount/.m2/repository/org/springframework/security/spring-security-oauth2-jose/6.2.3/spring-security-oauth2-jose-6.2.3.jar:/Users/studentaccount/.m2/repository/com/nimbusds/nimbus-jose-jwt/9.24.4/nimbus-jose-jwt-9.24.4.jar:/Users/studentaccount/.m2/repository/org/springframework/boot/spring-boot-starter-test/3.2.4/spring-boot-starter-test-3.2.4.jar:/Users/studentaccount/.m2/repository/org/springframework/boot/spring-boot-test/3.2.4/spring-boot-test-3.2.4.jar:/Users/studentaccount/.m2/repository/org/springframework/boot/spring-boot-test-autoconfigure/3.2.4/spring-boot-test-autoconfigure-3.2.4.jar:/Users/studentaccount/.m2/repository/com/jayway/jsonpath/json-path/2.9.0/json-path-2.9.0.jar:/Users/studentaccount/.m2/repository/jakarta/xml/bind/jakarta.xml.bind-api/4.0.2/jakarta.xml.bind-api-4.0.2.jar:/Users/studentaccount/.m2/repository/jakarta/activation/jakarta.activation-api/2.1.3/jakarta.activation-api-2.1.3.jar:/Users/studentaccount/.m2/repository/net/minidev/json-smart/2.5.0/json-smart-2.5.0.jar:/Users/studentaccount/.m2/repository/net/minidev/accessors-smart/2.5.0/accessors-smart-2.5.0.jar:/Users/studentaccount/.m2/repository/org/ow2/asm/asm/9.3/asm-9.3.jar:/Users/studentaccount/.m2/repository/org/assertj/assertj-core/3.24.2/assertj-core-3.24.2.jar:/Users/studentaccount/.m2/repository/org/awaitility/awaitility/4.2.0/awaitility-4.2.0.jar:/Users/studentaccount/.m2/repository/org/hamcrest/hamcrest/2.2/hamcrest-2.2.jar:/Users/studentaccount/.m2/repository/org/junit/jupiter/junit-jupiter/5.10.2/junit-jupiter-5.10.2.jar:/Users/studentaccount/.m2/repository/org/junit/jupiter/junit-jupiter-api/5.10.2/junit-jupiter-api-5.10.2.jar:/Users/studentaccount/.m2/repository/org/junit/jupiter/junit-jupiter-params/5.10.2/junit-jupiter-params-5.10.2.jar:/Users/studentaccount/.m2/repository/org/junit/jupiter/junit-jupiter-engine/5.10.2/junit-jupiter-engine-5.10.2.jar:/Users/studentaccount/.m2/repository/org/mockito/mockito-core/5.7.0/mockito-core-5.7.0.jar:/Users/studentaccount/.m2/repository/net/bytebuddy/byte-buddy-agent/1.14.12/byte-buddy-agent-1.14.12.jar:/Users/studentaccount/.m2/repository/org/objenesis/objenesis/3.3/objenesis-3.3.jar:/Users/studentaccount/.m2/repository/org/mockito/mockito-junit-jupiter/5.7.0/mockito-junit-jupiter-5.7.0.jar:/Users/studentaccount/.m2/repository/org/skyscreamer/jsonassert/1.5.1/jsonassert-1.5.1.jar:/Users/studentaccount/.m2/repository/com/vaadin/external/google/android-json/0.0.20131108.vaadin1/android-json-0.0.20131108.vaadin1.jar:/Users/studentaccount/.m2/repository/org/springframework/spring-core/6.1.5/spring-core-6.1.5.jar:/Users/studentaccount/.m2/repository/org/springframework/spring-jcl/6.1.5/spring-jcl-6.1.5.jar:/Users/studentaccount/.m2/repository/org/springframework/spring-test/6.1.5/spring-test-6.1.5.jar:/Users/studentaccount/.m2/repository/org/xmlunit/xmlunit-core/2.9.1/xmlunit-core-2.9.1.jar:/Users/studentaccount/.m2/repository/org/junit/vintage/junit-vintage-engine/5.10.2/junit-vintage-engine-5.10.2.jar:/Users/studentaccount/.m2/repository/org/junit/platform/junit-platform-engine/1.10.2/junit-platform-engine-1.10.2.jar:/Users/studentaccount/.m2/repository/org/opentest4j/opentest4j/1.3.0/opentest4j-1.3.0.jar:/Users/studentaccount/.m2/repository/org/junit/platform/junit-platform-commons/1.10.2/junit-platform-commons-1.10.2.jar:/Users/studentaccount/.m2/repository/junit/junit/4.13.2/junit-4.13.2.jar:/Users/studentaccount/.m2/repository/org/apiguardian/apiguardian-api/1.1.2/apiguardian-api-1.1.2.jar:/Users/studentaccount/.m2/repository/org/projectlombok/lombok/1.18.30/lombok-1.18.30.jar:"/>
    <property name="java.vm.vendor" value="Oracle Corporation"/>
    <property name="sun.arch.data.model" value="64"/>
    <property name="java.vendor.url" value="https://java.oracle.com/"/>
    <property name="user.timezone" value="Africa/Douala"/>
    <property name="org.jboss.logging.provider" value="slf4j"/>
    <property name="os.name" value="Mac OS X"/>
    <property name="java.vm.specification.version" value="21"/>
    <property name="sun.java.launcher" value="SUN_STANDARD"/>
    <property name="user.country" value="CM"/>
    <property name="sun.boot.library.path" value="/Users/studentaccount/Library/Java/JavaVirtualMachines/openjdk-21.0.2/Contents/Home/lib"/>
    <property name="sun.java.command" value="/Users/studentaccount/Desktop/praticeProjects/learning/spring-boot/quiz-app-spring-boot/target/surefire/surefirebooter-20240406212501801_3.jar /Users/studentaccount/Desktop/praticeProjects/learning/spring-boot/quiz-app-spring-boot/target/surefire 2024-04-06T21-25-01_641-jvmRun1 surefire-20240406212501801_1tmp surefire_0-20240406212501801_2tmp"/>
    <property name="http.nonProxyHosts" value="local|*.local|169.254/16|*.169.254/16"/>
    <property name="jdk.debug" value="release"/>
    <property name="surefire.test.class.path" value="/Users/studentaccount/Desktop/praticeProjects/learning/spring-boot/quiz-app-spring-boot/target/test-classes:/Users/studentaccount/Desktop/praticeProjects/learning/spring-boot/quiz-app-spring-boot/target/classes:/Users/studentaccount/.m2/repository/org/springframework/boot/spring-boot-starter-data-jpa/3.2.4/spring-boot-starter-data-jpa-3.2.4.jar:/Users/studentaccount/.m2/repository/org/springframework/boot/spring-boot-starter-aop/3.2.4/spring-boot-starter-aop-3.2.4.jar:/Users/studentaccount/.m2/repository/org/springframework/spring-aop/6.1.5/spring-aop-6.1.5.jar:/Users/studentaccount/.m2/repository/org/aspectj/aspectjweaver/1.9.21/aspectjweaver-1.9.21.jar:/Users/studentaccount/.m2/repository/org/springframework/boot/spring-boot-starter-jdbc/3.2.4/spring-boot-starter-jdbc-3.2.4.jar:/Users/studentaccount/.m2/repository/com/zaxxer/HikariCP/5.0.1/HikariCP-5.0.1.jar:/Users/studentaccount/.m2/repository/org/springframework/spring-jdbc/6.1.5/spring-jdbc-6.1.5.jar:/Users/studentaccount/.m2/repository/org/hibernate/orm/hibernate-core/6.4.4.Final/hibernate-core-6.4.4.Final.jar:/Users/studentaccount/.m2/repository/jakarta/persistence/jakarta.persistence-api/3.1.0/jakarta.persistence-api-3.1.0.jar:/Users/studentaccount/.m2/repository/jakarta/transaction/jakarta.transaction-api/2.0.1/jakarta.transaction-api-2.0.1.jar:/Users/studentaccount/.m2/repository/org/jboss/logging/jboss-logging/3.5.3.Final/jboss-logging-3.5.3.Final.jar:/Users/studentaccount/.m2/repository/org/hibernate/common/hibernate-commons-annotations/6.0.6.Final/hibernate-commons-annotations-6.0.6.Final.jar:/Users/studentaccount/.m2/repository/io/smallrye/jandex/3.1.2/jandex-3.1.2.jar:/Users/studentaccount/.m2/repository/com/fasterxml/classmate/1.6.0/classmate-1.6.0.jar:/Users/studentaccount/.m2/repository/net/bytebuddy/byte-buddy/1.14.12/byte-buddy-1.14.12.jar:/Users/studentaccount/.m2/repository/org/glassfish/jaxb/jaxb-runtime/4.0.5/jaxb-runtime-4.0.5.jar:/Users/studentaccount/.m2/repository/org/glassfish/jaxb/jaxb-core/4.0.5/jaxb-core-4.0.5.jar:/Users/studentaccount/.m2/repository/org/eclipse/angus/angus-activation/2.0.2/angus-activation-2.0.2.jar:/Users/studentaccount/.m2/repository/org/glassfish/jaxb/txw2/4.0.5/txw2-4.0.5.jar:/Users/studentaccount/.m2/repository/com/sun/istack/istack-commons-runtime/4.1.2/istack-commons-runtime-4.1.2.jar:/Users/studentaccount/.m2/repository/jakarta/inject/jakarta.inject-api/2.0.1/jakarta.inject-api-2.0.1.jar:/Users/studentaccount/.m2/repository/org/antlr/antlr4-runtime/4.13.0/antlr4-runtime-4.13.0.jar:/Users/studentaccount/.m2/repository/org/springframework/data/spring-data-jpa/3.2.4/spring-data-jpa-3.2.4.jar:/Users/studentaccount/.m2/repository/org/springframework/data/spring-data-commons/3.2.4/spring-data-commons-3.2.4.jar:/Users/studentaccount/.m2/repository/org/springframework/spring-orm/6.1.5/spring-orm-6.1.5.jar:/Users/studentaccount/.m2/repository/org/springframework/spring-context/6.1.5/spring-context-6.1.5.jar:/Users/studentaccount/.m2/repository/org/springframework/spring-tx/6.1.5/spring-tx-6.1.5.jar:/Users/studentaccount/.m2/repository/org/springframework/spring-beans/6.1.5/spring-beans-6.1.5.jar:/Users/studentaccount/.m2/repository/jakarta/annotation/jakarta.annotation-api/2.1.1/jakarta.annotation-api-2.1.1.jar:/Users/studentaccount/.m2/repository/org/slf4j/slf4j-api/2.0.12/slf4j-api-2.0.12.jar:/Users/studentaccount/.m2/repository/org/springframework/spring-aspects/6.1.5/spring-aspects-6.1.5.jar:/Users/studentaccount/.m2/repository/org/springframework/boot/spring-boot-starter-web/3.2.4/spring-boot-starter-web-3.2.4.jar:/Users/studentaccount/.m2/repository/org/springframework/boot/spring-boot-starter/3.2.4/spring-boot-starter-3.2.4.jar:/Users/studentaccount/.m2/repository/org/springframework/boot/spring-boot/3.2.4/spring-boot-3.2.4.jar:/Users/studentaccount/.m2/repository/org/springframework/boot/spring-boot-autoconfigure/3.2.4/spring-boot-autoconfigure-3.2.4.jar:/Users/studentaccount/.m2/repository/org/springframework/boot/spring-boot-starter-logging/3.2.4/spring-boot-starter-logging-3.2.4.jar:/Users/studentaccount/.m2/repository/ch/qos/logback/logback-classic/1.4.14/logback-classic-1.4.14.jar:/Users/studentaccount/.m2/repository/ch/qos/logback/logback-core/1.4.14/logback-core-1.4.14.jar:/Users/studentaccount/.m2/repository/org/apache/logging/log4j/log4j-to-slf4j/2.21.1/log4j-to-slf4j-2.21.1.jar:/Users/studentaccount/.m2/repository/org/apache/logging/log4j/log4j-api/2.21.1/log4j-api-2.21.1.jar:/Users/studentaccount/.m2/repository/org/slf4j/jul-to-slf4j/2.0.12/jul-to-slf4j-2.0.12.jar:/Users/studentaccount/.m2/repository/org/springframework/boot/spring-boot-starter-json/3.2.4/spring-boot-starter-json-3.2.4.jar:/Users/studentaccount/.m2/repository/com/fasterxml/jackson/core/jackson-databind/2.15.4/jackson-databind-2.15.4.jar:/Users/studentaccount/.m2/repository/com/fasterxml/jackson/core/jackson-annotations/2.15.4/jackson-annotations-2.15.4.jar:/Users/studentaccount/.m2/repository/com/fasterxml/jackson/core/jackson-core/2.15.4/jackson-core-2.15.4.jar:/Users/studentaccount/.m2/repository/com/fasterxml/jackson/datatype/jackson-datatype-jdk8/2.15.4/jackson-datatype-jdk8-2.15.4.jar:/Users/studentaccount/.m2/repository/com/fasterxml/jackson/datatype/jackson-datatype-jsr310/2.15.4/jackson-datatype-jsr310-2.15.4.jar:/Users/studentaccount/.m2/repository/com/fasterxml/jackson/module/jackson-module-parameter-names/2.15.4/jackson-module-parameter-names-2.15.4.jar:/Users/studentaccount/.m2/repository/org/springframework/boot/spring-boot-starter-tomcat/3.2.4/spring-boot-starter-tomcat-3.2.4.jar:/Users/studentaccount/.m2/repository/org/apache/tomcat/embed/tomcat-embed-core/10.1.19/tomcat-embed-core-10.1.19.jar:/Users/studentaccount/.m2/repository/org/apache/tomcat/embed/tomcat-embed-el/10.1.19/tomcat-embed-el-10.1.19.jar:/Users/studentaccount/.m2/repository/org/apache/tomcat/embed/tomcat-embed-websocket/10.1.19/tomcat-embed-websocket-10.1.19.jar:/Users/studentaccount/.m2/repository/org/springframework/spring-web/6.1.5/spring-web-6.1.5.jar:/Users/studentaccount/.m2/repository/io/micrometer/micrometer-observation/1.12.4/micrometer-observation-1.12.4.jar:/Users/studentaccount/.m2/repository/io/micrometer/micrometer-commons/1.12.4/micrometer-commons-1.12.4.jar:/Users/studentaccount/.m2/repository/org/springframework/spring-webmvc/6.1.5/spring-webmvc-6.1.5.jar:/Users/studentaccount/.m2/repository/org/springframework/spring-expression/6.1.5/spring-expression-6.1.5.jar:/Users/studentaccount/.m2/repository/org/liquibase/liquibase-core/4.24.0/liquibase-core-4.24.0.jar:/Users/studentaccount/.m2/repository/com/opencsv/opencsv/5.8/opencsv-5.8.jar:/Users/studentaccount/.m2/repository/org/apache/commons/commons-lang3/3.13.0/commons-lang3-3.13.0.jar:/Users/studentaccount/.m2/repository/org/apache/commons/commons-text/1.10.0/commons-text-1.10.0.jar:/Users/studentaccount/.m2/repository/org/apache/commons/commons-collections4/4.4/commons-collections4-4.4.jar:/Users/studentaccount/.m2/repository/org/yaml/snakeyaml/2.2/snakeyaml-2.2.jar:/Users/studentaccount/.m2/repository/javax/xml/bind/jaxb-api/2.3.1/jaxb-api-2.3.1.jar:/Users/studentaccount/.m2/repository/com/h2database/h2/2.2.224/h2-2.2.224.jar:/Users/studentaccount/.m2/repository/org/springframework/boot/spring-boot-starter-oauth2-client/2.3.3.RELEASE/spring-boot-starter-oauth2-client-2.3.3.RELEASE.jar:/Users/studentaccount/.m2/repository/com/sun/mail/jakarta.mail/1.6.5/jakarta.mail-1.6.5.jar:/Users/studentaccount/.m2/repository/com/sun/activation/jakarta.activation/1.2.1/jakarta.activation-1.2.1.jar:/Users/studentaccount/.m2/repository/org/springframework/security/spring-security-config/6.2.3/spring-security-config-6.2.3.jar:/Users/studentaccount/.m2/repository/org/springframework/security/spring-security-core/6.2.3/spring-security-core-6.2.3.jar:/Users/studentaccount/.m2/repository/org/springframework/security/spring-security-crypto/6.2.3/spring-security-crypto-6.2.3.jar:/Users/studentaccount/.m2/repository/org/springframework/security/spring-security-oauth2-client/6.2.3/spring-security-oauth2-client-6.2.3.jar:/Users/studentaccount/.m2/repository/org/springframework/security/spring-security-oauth2-core/6.2.3/spring-security-oauth2-core-6.2.3.jar:/Users/studentaccount/.m2/repository/org/springframework/security/spring-security-web/6.2.3/spring-security-web-6.2.3.jar:/Users/studentaccount/.m2/repository/com/nimbusds/oauth2-oidc-sdk/9.43.3/oauth2-oidc-sdk-9.43.3.jar:/Users/studentaccount/.m2/repository/com/github/stephenc/jcip/jcip-annotations/1.0-1/jcip-annotations-1.0-1.jar:/Users/studentaccount/.m2/repository/com/nimbusds/content-type/2.2/content-type-2.2.jar:/Users/studentaccount/.m2/repository/com/nimbusds/lang-tag/1.7/lang-tag-1.7.jar:/Users/studentaccount/.m2/repository/org/springframework/security/spring-security-oauth2-jose/6.2.3/spring-security-oauth2-jose-6.2.3.jar:/Users/studentaccount/.m2/repository/com/nimbusds/nimbus-jose-jwt/9.24.4/nimbus-jose-jwt-9.24.4.jar:/Users/studentaccount/.m2/repository/org/springframework/boot/spring-boot-starter-test/3.2.4/spring-boot-starter-test-3.2.4.jar:/Users/studentaccount/.m2/repository/org/springframework/boot/spring-boot-test/3.2.4/spring-boot-test-3.2.4.jar:/Users/studentaccount/.m2/repository/org/springframework/boot/spring-boot-test-autoconfigure/3.2.4/spring-boot-test-autoconfigure-3.2.4.jar:/Users/studentaccount/.m2/repository/com/jayway/jsonpath/json-path/2.9.0/json-path-2.9.0.jar:/Users/studentaccount/.m2/repository/jakarta/xml/bind/jakarta.xml.bind-api/4.0.2/jakarta.xml.bind-api-4.0.2.jar:/Users/studentaccount/.m2/repository/jakarta/activation/jakarta.activation-api/2.1.3/jakarta.activation-api-2.1.3.jar:/Users/studentaccount/.m2/repository/net/minidev/json-smart/2.5.0/json-smart-2.5.0.jar:/Users/studentaccount/.m2/repository/net/minidev/accessors-smart/2.5.0/accessors-smart-2.5.0.jar:/Users/studentaccount/.m2/repository/org/ow2/asm/asm/9.3/asm-9.3.jar:/Users/studentaccount/.m2/repository/org/assertj/assertj-core/3.24.2/assertj-core-3.24.2.jar:/Users/studentaccount/.m2/repository/org/awaitility/awaitility/4.2.0/awaitility-4.2.0.jar:/Users/studentaccount/.m2/repository/org/hamcrest/hamcrest/2.2/hamcrest-2.2.jar:/Users/studentaccount/.m2/repository/org/junit/jupiter/junit-jupiter/5.10.2/junit-jupiter-5.10.2.jar:/Users/studentaccount/.m2/repository/org/junit/jupiter/junit-jupiter-api/5.10.2/junit-jupiter-api-5.10.2.jar:/Users/studentaccount/.m2/repository/org/junit/jupiter/junit-jupiter-params/5.10.2/junit-jupiter-params-5.10.2.jar:/Users/studentaccount/.m2/repository/org/junit/jupiter/junit-jupiter-engine/5.10.2/junit-jupiter-engine-5.10.2.jar:/Users/studentaccount/.m2/repository/org/mockito/mockito-core/5.7.0/mockito-core-5.7.0.jar:/Users/studentaccount/.m2/repository/net/bytebuddy/byte-buddy-agent/1.14.12/byte-buddy-agent-1.14.12.jar:/Users/studentaccount/.m2/repository/org/objenesis/objenesis/3.3/objenesis-3.3.jar:/Users/studentaccount/.m2/repository/org/mockito/mockito-junit-jupiter/5.7.0/mockito-junit-jupiter-5.7.0.jar:/Users/studentaccount/.m2/repository/org/skyscreamer/jsonassert/1.5.1/jsonassert-1.5.1.jar:/Users/studentaccount/.m2/repository/com/vaadin/external/google/android-json/0.0.20131108.vaadin1/android-json-0.0.20131108.vaadin1.jar:/Users/studentaccount/.m2/repository/org/springframework/spring-core/6.1.5/spring-core-6.1.5.jar:/Users/studentaccount/.m2/repository/org/springframework/spring-jcl/6.1.5/spring-jcl-6.1.5.jar:/Users/studentaccount/.m2/repository/org/springframework/spring-test/6.1.5/spring-test-6.1.5.jar:/Users/studentaccount/.m2/repository/org/xmlunit/xmlunit-core/2.9.1/xmlunit-core-2.9.1.jar:/Users/studentaccount/.m2/repository/org/junit/vintage/junit-vintage-engine/5.10.2/junit-vintage-engine-5.10.2.jar:/Users/studentaccount/.m2/repository/org/junit/platform/junit-platform-engine/1.10.2/junit-platform-engine-1.10.2.jar:/Users/studentaccount/.m2/repository/org/opentest4j/opentest4j/1.3.0/opentest4j-1.3.0.jar:/Users/studentaccount/.m2/repository/org/junit/platform/junit-platform-commons/1.10.2/junit-platform-commons-1.10.2.jar:/Users/studentaccount/.m2/repository/junit/junit/4.13.2/junit-4.13.2.jar:/Users/studentaccount/.m2/repository/org/apiguardian/apiguardian-api/1.1.2/apiguardian-api-1.1.2.jar:/Users/studentaccount/.m2/repository/org/projectlombok/lombok/1.18.30/lombok-1.18.30.jar:"/>
    <property name="sun.cpu.endian" value="little"/>
    <property name="user.home" value="/Users/studentaccount"/>
    <property name="user.language" value="en"/>
    <property name="java.specification.vendor" value="Oracle Corporation"/>
    <property name="java.version.date" value="2024-01-16"/>
    <property name="java.home" value="/Users/studentaccount/Library/Java/JavaVirtualMachines/openjdk-21.0.2/Contents/Home"/>
    <property name="file.separator" value="/"/>
    <property name="basedir" value="/Users/studentaccount/Desktop/praticeProjects/learning/spring-boot/quiz-app-spring-boot"/>
    <property name="java.vm.compressedOopsMode" value="Zero based"/>
    <property name="line.separator" value="&#10;"/>
    <property name="java.vm.specification.vendor" value="Oracle Corporation"/>
    <property name="java.specification.name" value="Java Platform API Specification"/>
    <property name="FILE_LOG_CHARSET" value="UTF-8"/>
    <property name="java.awt.headless" value="true"/>
    <property name="apple.awt.application.name" value="ForkedBooter"/>
    <property name="surefire.real.class.path" value="/Users/studentaccount/Desktop/praticeProjects/learning/spring-boot/quiz-app-spring-boot/target/surefire/surefirebooter-20240406212501801_3.jar"/>
    <property name="sun.management.compiler" value="HotSpot 64-Bit Tiered Compilers"/>
    <property name="ftp.nonProxyHosts" value="local|*.local|169.254/16|*.169.254/16"/>
    <property name="java.runtime.version" value="21.0.2+13-58"/>
    <property name="user.name" value="studentaccount"/>
    <property name="stdout.encoding" value="UTF-8"/>
    <property name="path.separator" value=":"/>
    <property name="os.version" value="13.6.4"/>
    <property name="java.runtime.name" value="OpenJDK Runtime Environment"/>
    <property name="file.encoding" value="UTF-8"/>
    <property name="java.vm.name" value="OpenJDK 64-Bit Server VM"/>
    <property name="localRepository" value="/Users/studentaccount/.m2/repository"/>
    <property name="java.vendor.url.bug" value="https://bugreport.java.com/bugreport/"/>
    <property name="java.io.tmpdir" value="/var/folders/4d/b39d75ws1b94lxwyyfz0nm2h0000gp/T/"/>
    <property name="java.version" value="21.0.2"/>
    <property name="user.dir" value="/Users/studentaccount/Desktop/praticeProjects/learning/spring-boot/quiz-app-spring-boot"/>
    <property name="os.arch" value="x86_64"/>
    <property name="java.vm.specification.name" value="Java Virtual Machine Specification"/>
    <property name="PID" value="59958"/>
    <property name="CONSOLE_LOG_CHARSET" value="UTF-8"/>
    <property name="native.encoding" value="UTF-8"/>
    <property name="java.library.path" value="/Users/studentaccount/Library/Java/Extensions:/Library/Java/Extensions:/Network/Library/Java/Extensions:/System/Library/Java/Extensions:/usr/lib/java:."/>
    <property name="java.vm.info" value="mixed mode, sharing"/>
    <property name="stderr.encoding" value="UTF-8"/>
    <property name="java.vendor" value="Oracle Corporation"/>
    <property name="java.vm.version" value="21.0.2+13-58"/>
    <property name="sun.io.unicode.encoding" value="UnicodeBig"/>
    <property name="socksNonProxyHosts" value="local|*.local|169.254/16|*.169.254/16"/>
    <property name="java.class.version" value="65.0"/>
    <property name="LOGGED_APPLICATION_NAME" value="[quizapp] "/>
  </properties>
  <testcase name="testUpdateQuestion" classname="com.bansikah.quizapp.QuestionDAOTest" time="0.963">
    <system-out><![CDATA[21:25:03.217 [main] INFO org.springframework.test.context.support.AnnotationConfigContextLoaderUtils -- Could not detect default configuration classes for test class [com.bansikah.quizapp.QuestionDAOTest]: QuestionDAOTest does not declare any static, non-private, non-final, nested classes annotated with @Configuration.
21:25:03.380 [main] INFO org.springframework.boot.test.context.SpringBootTestContextBootstrapper -- Found @SpringBootConfiguration com.bansikah.quizapp.QuizappApplication for test class com.bansikah.quizapp.QuestionDAOTest

  .   ____          _            __ _ _
 /\\ / ___'_ __ _ _(_)_ __  __ _ \ \ \ \
( ( )\___ | '_ | '_| | '_ \/ _` | \ \ \ \
 \\/  ___)| |_)| | | | | || (_| |  ) ) ) )
  '  |____| .__|_| |_|_| |_\__, | / / / /
 =========|_|==============|___/=/_/_/_/
 :: Spring Boot ::                (v3.2.4)

2024-04-06T21:25:03.929+01:00  INFO 59958 --- [quizapp] [           main] com.bansikah.quizapp.QuestionDAOTest     : Starting QuestionDAOTest using Java 21.0.2 with PID 59958 (started by studentaccount in /Users/studentaccount/Desktop/praticeProjects/learning/spring-boot/quiz-app-spring-boot)
2024-04-06T21:25:03.930+01:00  INFO 59958 --- [quizapp] [           main] com.bansikah.quizapp.QuestionDAOTest     : No active profile set, falling back to 1 default profile: "default"
2024-04-06T21:25:04.594+01:00  INFO 59958 --- [quizapp] [           main] .s.d.r.c.RepositoryConfigurationDelegate : Bootstrapping Spring Data JPA repositories in DEFAULT mode.
2024-04-06T21:25:04.671+01:00  INFO 59958 --- [quizapp] [           main] .s.d.r.c.RepositoryConfigurationDelegate : Finished Spring Data repository scanning in 67 ms. Found 2 JPA repository interfaces.
2024-04-06T21:25:04.758+01:00  INFO 59958 --- [quizapp] [           main] beddedDataSourceBeanFactoryPostProcessor : Replacing 'dataSource' DataSource bean with embedded version
2024-04-06T21:25:05.021+01:00  INFO 59958 --- [quizapp] [           main] o.s.j.d.e.EmbeddedDatabaseFactory        : Starting embedded database: url='jdbc:h2:mem:a91d789b-7f99-48e8-a834-4ca3f79522a1;DB_CLOSE_DELAY=-1;DB_CLOSE_ON_EXIT=false', username='sa'
2024-04-06T21:25:05.514+01:00  INFO 59958 --- [quizapp] [           main] liquibase.database                       : Set default schema name to PUBLIC
2024-04-06T21:25:06.088+01:00  INFO 59958 --- [quizapp] [           main] liquibase.changelog                      : Creating database history table with name: PUBLIC.DATABASECHANGELOG
2024-04-06T21:25:11.231+01:00  INFO 59958 --- [quizapp] [           main] liquibase.changelog                      : Reading from PUBLIC.DATABASECHANGELOG
2024-04-06T21:25:11.305+01:00  INFO 59958 --- [quizapp] [           main] liquibase.lockservice                    : Successfully acquired change log lock
2024-04-06T21:25:11.306+01:00  INFO 59958 --- [quizapp] [           main] liquibase.command                        : Using deploymentId: 2435111306
2024-04-06T21:25:11.308+01:00  INFO 59958 --- [quizapp] [           main] liquibase.changelog                      : Reading from PUBLIC.DATABASECHANGELOG
Running Changeset: db/changelog/changelog_v1.yaml::001-changelog_v1-questions-table::bansikah
2024-04-06T21:25:11.510+01:00  INFO 59958 --- [quizapp] [           main] liquibase.changelog                      : Table questions created
2024-04-06T21:25:11.511+01:00  INFO 59958 --- [quizapp] [           main] liquibase.changelog                      : ChangeSet db/changelog/changelog_v1.yaml::001-changelog_v1-questions-table::bansikah ran successfully in 12ms
2024-04-06T21:25:11.526+01:00  INFO 59958 --- [quizapp] [           main] liquibase.util                           : UPDATE SUMMARY
2024-04-06T21:25:11.527+01:00  INFO 59958 --- [quizapp] [           main] liquibase.util                           : Run:                          1
2024-04-06T21:25:11.528+01:00  INFO 59958 --- [quizapp] [           main] liquibase.util                           : Previously run:               0
2024-04-06T21:25:11.528+01:00  INFO 59958 --- [quizapp] [           main] liquibase.util                           : Filtered out:                 0
2024-04-06T21:25:11.528+01:00  INFO 59958 --- [quizapp] [           main] liquibase.util                           : -------------------------------
2024-04-06T21:25:11.528+01:00  INFO 59958 --- [quizapp] [           main] liquibase.util                           : Total change sets:            1
2024-04-06T21:25:11.528+01:00  INFO 59958 --- [quizapp] [           main] liquibase.util                           : Update summary generated
2024-04-06T21:25:11.532+01:00  INFO 59958 --- [quizapp] [           main] liquibase.command                        : Update command completed successfully.
Liquibase: Update has been successful. Rows affected: 1
2024-04-06T21:25:11.535+01:00  INFO 59958 --- [quizapp] [           main] liquibase.lockservice                    : Successfully released change log lock
2024-04-06T21:25:11.535+01:00  INFO 59958 --- [quizapp] [           main] liquibase.command                        : Command execution complete
2024-04-06T21:25:11.701+01:00  INFO 59958 --- [quizapp] [           main] o.hibernate.jpa.internal.util.LogHelper  : HHH000204: Processing PersistenceUnitInfo [name: default]
2024-04-06T21:25:11.790+01:00  INFO 59958 --- [quizapp] [           main] org.hibernate.Version                    : HHH000412: Hibernate ORM core version 6.4.4.Final
2024-04-06T21:25:11.844+01:00  INFO 59958 --- [quizapp] [           main] o.h.c.internal.RegionFactoryInitiator    : HHH000026: Second-level cache disabled
2024-04-06T21:25:12.180+01:00  INFO 59958 --- [quizapp] [           main] o.s.o.j.p.SpringPersistenceUnitInfo      : No LoadTimeWeaver setup: ignoring JPA class transformer
2024-04-06T21:25:13.473+01:00  INFO 59958 --- [quizapp] [           main] o.h.e.t.j.p.i.JtaPlatformInitiator       : HHH000489: No JTA platform available (set 'hibernate.transaction.jta.platform' to enable JTA platform integration)
Hibernate: alter table if exists questions alter column id set data type integer
Hibernate: alter table if exists questions add column category varchar(255)
Hibernate: alter table if exists questions add column difficulty_level varchar(255)
Hibernate: alter table if exists questions add column question_title varchar(255)
Hibernate: alter table if exists questions add column right_answer varchar(255)
Hibernate: create table quiz (id integer not null, title varchar(255), primary key (id))
Hibernate: create table quiz_questions (quiz_id integer not null, questions_id integer not null)
Hibernate: create sequence questions_seq start with 1 increment by 50
Hibernate: create sequence quiz_seq start with 1 increment by 50
Hibernate: alter table if exists quiz_questions add constraint FKic0yqymfi0xkinto1hoo0l5sj foreign key (questions_id) references questions
Hibernate: alter table if exists quiz_questions add constraint FKcgp9e1c6ww3t383aui4w8feae foreign key (quiz_id) references quiz
2024-04-06T21:25:13.618+01:00  INFO 59958 --- [quizapp] [           main] j.LocalContainerEntityManagerFactoryBean : Initialized JPA EntityManagerFactory for persistence unit 'default'
2024-04-06T21:25:14.124+01:00  INFO 59958 --- [quizapp] [           main] o.s.d.j.r.query.QueryEnhancerFactory     : Hibernate is in classpath; If applicable, HQL parser will be used.
2024-04-06T21:25:14.178+01:00  INFO 59958 --- [quizapp] [           main] com.bansikah.quizapp.QuestionDAOTest     : Started QuestionDAOTest in 10.7 seconds (process running for 12.26)
Hibernate: select q1_0.id,q1_0.category,q1_0.difficulty_level,q1_0.option1,q1_0.option2,q1_0.option3,q1_0.option4,q1_0.question_title,q1_0.right_answer from questions q1_0 where q1_0.id=?
Hibernate: select next value for questions_seq
]]></system-out>
    <system-err><![CDATA[WARNING: A Java agent has been loaded dynamically (/Users/studentaccount/.m2/repository/net/bytebuddy/byte-buddy-agent/1.14.12/byte-buddy-agent-1.14.12.jar)
WARNING: If a serviceability tool is in use, please run with -XX:+EnableDynamicAgentLoading to hide this warning
WARNING: If a serviceability tool is not in use, please run with -Djdk.instrument.traceUsage for more information
WARNING: Dynamic loading of agents will be disallowed by default in a future release
]]></system-err>
  </testcase>
  <testcase name="testFindQuestionsByCategory" classname="com.bansikah.quizapp.QuestionDAOTest" time="0.108">
    <system-out><![CDATA[Hibernate: select q1_0.id,q1_0.category,q1_0.difficulty_level,q1_0.option1,q1_0.option2,q1_0.option3,q1_0.option4,q1_0.question_title,q1_0.right_answer from questions q1_0 where q1_0.category=?
]]></system-out>
  </testcase>
  <testcase name="testSaveQuestion" classname="com.bansikah.quizapp.QuestionDAOTest" time="0.008">
    <system-out><![CDATA[Hibernate: select q1_0.id,q1_0.category,q1_0.difficulty_level,q1_0.option1,q1_0.option2,q1_0.option3,q1_0.option4,q1_0.question_title,q1_0.right_answer from questions q1_0 where q1_0.id=?
Hibernate: select next value for questions_seq
]]></system-out>
  </testcase>
  <testcase name="testDeleteQuestion" classname="com.bansikah.quizapp.QuestionDAOTest" time="0.015">
    <system-out><![CDATA[Hibernate: select q1_0.id,q1_0.category,q1_0.difficulty_level,q1_0.option1,q1_0.option2,q1_0.option3,q1_0.option4,q1_0.question_title,q1_0.right_answer from questions q1_0 where q1_0.id=?
Hibernate: select q1_0.id,q1_0.category,q1_0.difficulty_level,q1_0.option1,q1_0.option2,q1_0.option3,q1_0.option4,q1_0.question_title,q1_0.right_answer from questions q1_0 where q1_0.id=?
Hibernate: select q1_0.id,q1_0.category,q1_0.difficulty_level,q1_0.option1,q1_0.option2,q1_0.option3,q1_0.option4,q1_0.question_title,q1_0.right_answer from questions q1_0 where q1_0.id=?
]]></system-out>
  </testcase>
</testsuite>